<?xml version="1.0" encoding="UTF-8"?>
<!-- Generated by org.testng.reporters.JUnitXMLReporter -->
<testsuite ignored="1" hostname="sujit" failures="0" tests="1" name="Default test" time="22.153" errors="0" timestamp="2023-03-20T16:48:45 IST">
  <testcase classname="com.mystore.testcases.TC_HomePageTest" name="verifyLogin" time="14.037"/>
  <testcase classname="com.mystore.testcases.TC_HomePageTest" name="VerifySearchItemAndClick" time="0.0">
    <ignored/>
  </testcase> <!-- VerifySearchItemAndClick -->
</testsuite> <!-- Default test -->
