<?xml version="1.0" encoding="UTF-8"?>
<!-- Generated by org.testng.reporters.JUnitXMLReporter -->
<testsuite ignored="1" hostname="sujit" failures="0" tests="1" name="Test" time="19.259" errors="0" timestamp="2023-03-20T16:51:12 IST">
  <testcase classname="com.mystore.testcases.TC_HomePageTest" name="verifyLogin" time="12.995"/>
  <testcase classname="com.mystore.testcases.TC_HomePageTest" name="VerifySearchItemAndClick" time="0.0">
    <ignored/>
  </testcase> <!-- VerifySearchItemAndClick -->
</testsuite> <!-- Test -->
