<?xml version="1.0" encoding="UTF-8"?>
<testng-results ignored="1" total="2" passed="1" failed="0" skipped="0">
  <reporter-output>
  </reporter-output>
  <suite started-at="2023-03-20T16:50:53 IST" name="Suite" finished-at="2023-03-20T16:51:12 IST" duration-ms="19259">
    <groups>
    </groups>
    <test started-at="2023-03-20T16:50:53 IST" name="Test" finished-at="2023-03-20T16:51:12 IST" duration-ms="19259">
      <class name="com.mystore.testcases.TC_HomePageTest">
        <test-method is-config="true" signature="setup()[pri:0, instance:com.mystore.testcases.TC_HomePageTest@5d0bf09b]" started-at="2023-03-20T16:50:53 IST" name="setup" finished-at="2023-03-20T16:50:59 IST" duration-ms="5469" status="PASS">
          <reporter-output>
          </reporter-output>
        </test-method> <!-- setup -->
        <test-method signature="verifyLogin()[pri:0, instance:com.mystore.testcases.TC_HomePageTest@5d0bf09b]" started-at="2023-03-20T16:50:59 IST" name="verifyLogin" finished-at="2023-03-20T16:51:12 IST" duration-ms="12995" status="PASS">
          <reporter-output>
          </reporter-output>
        </test-method> <!-- verifyLogin -->
        <test-method is-config="true" signature="tearDown()[pri:0, instance:com.mystore.testcases.TC_HomePageTest@5d0bf09b]" started-at="2023-03-20T16:51:12 IST" name="tearDown" finished-at="2023-03-20T16:51:12 IST" duration-ms="310" status="PASS">
          <reporter-output>
          </reporter-output>
        </test-method> <!-- tearDown -->
      </class> <!-- com.mystore.testcases.TC_HomePageTest -->
    </test> <!-- Test -->
  </suite> <!-- Suite -->
</testng-results>
